[2024-04-26 00:00:55] INFO root fetch - main [MainThread]: Get Changelog since Serial: [22938797]
[2024-04-26 00:01:00] INFO root fetch - main [MainThread]: Found 7 changed packages
[2024-04-26 00:01:00] INFO root fetch - processPackages [ThreadPoolExecutor-0_0]: Start processing: stardist
[2024-04-26 00:01:00] INFO root fetch - processPackages [ThreadPoolExecutor-0_1]: Start processing: athena-intelligence
[2024-04-26 00:01:00] INFO root fetch - processPackages [ThreadPoolExecutor-0_2]: Start processing: eqsolver
[2024-04-26 00:01:00] INFO root fetch - processPackages [ThreadPoolExecutor-0_3]: Start processing: tecton
[2024-04-26 00:01:00] INFO root fetch - processPackages [ThreadPoolExecutor-0_4]: Start processing: pykickstart
[2024-04-26 00:01:00] INFO root fetch - processPackages [ThreadPoolExecutor-0_5]: Start processing: daxa
[2024-04-26 00:01:00] INFO root fetch - processPackages [ThreadPoolExecutor-0_6]: Start processing: glpic
[2024-04-26 00:01:00] INFO root fetch - processPackages [athena-intelligence]: New version: [0.1.53] Old Version: [0.1.52]
[2024-04-26 00:01:00] INFO root fetch - processPackages [eqsolver]: New version: [0.2.0] Old Version: [0.1.0]
[2024-04-26 00:01:00] WARNING root fetch - processPackages [daxa]: Skipping, unable to determine old version
[2024-04-26 00:01:00] INFO root fetch - main [MainThread]: End processing [daxa] error
[2024-04-26 00:01:00] INFO root fetch - processPackages [glpic]: New version: [99.0.202404252110] Old Version: [99.0.202404252106]
[2024-04-26 00:01:00] INFO root fetch - processPackages [athena-intelligence]: Downloading https://files.pythonhosted.org/packages/c4/9e/6ab1106459d767ed5819755329e139352abe1815fa18b3ae3f53f9341478/athena_intelligence-0.1.52.tar.gz
[2024-04-26 00:01:00] INFO root fetch - processPackages [tecton]: New version: [0.9.1] Old Version: [0.9.0rc4]
[2024-04-26 00:01:00] INFO root fetch - processPackages [pykickstart]: New version: [3.7] Old Version: [3.54]
[2024-04-26 00:01:00] INFO root fetch - processPackages [glpic]: Downloading https://files.pythonhosted.org/packages/07/d8/8f1fdcefbeccd76e8ddb4064fa6b43ee7bd78a029aae71bb53ad61c7a51f/glpic-99.0.202404252106.tar.gz
[2024-04-26 00:01:00] INFO root fetch - processPackages [eqsolver]: Downloading https://files.pythonhosted.org/packages/f6/d7/e7819fd210b88f651ec3613b4d3f3a985929cbb6e862f753c81f208116e6/eqsolver-0.1.0.tar.gz
[2024-04-26 00:01:00] INFO root fetch - processPackages [stardist]: New version: [0.9.1] Old Version: [0.9.0]
[2024-04-26 00:01:00] INFO root fetch - processPackages [tecton]: Downloading https://files.pythonhosted.org/packages/ee/f8/5fe3af4429cd4d8c6e3c285d58e482c6e4a15f2ffd28bd9c32075939d341/tecton-0.9.0rc4.tar.gz
[2024-04-26 00:01:01] INFO root fetch - processPackages [pykickstart]: Downloading https://files.pythonhosted.org/packages/ba/03/139f21d4238663e4db0955a66e7dc9dd91c0bc3f7aa29eef7b6b9b250292/pykickstart-3.54.tar.gz
[2024-04-26 00:01:01] INFO root fetch - processPackages [eqsolver]: Downloading https://files.pythonhosted.org/packages/20/80/0d4ff8275ad5e95098b70835ced959f998f989c44eb0b957ca6f256ab9fe/eqsolver-0.2.0-py3-none-any.whl
[2024-04-26 00:01:01] INFO root fetch - processPackages [stardist]: Downloading https://files.pythonhosted.org/packages/2a/67/76acd6427e82d9277cedf6549f9c7ce5aac4901eaaba3d9049fd55bee674/stardist-0.9.0.tar.gz
[2024-04-26 00:01:01] INFO root fetch - processPackages [athena-intelligence]: Downloading https://files.pythonhosted.org/packages/19/49/592a8339d57b390e04ae3857720df44e8ede362c17c225297b5d9e04a684/athena_intelligence-0.1.53.tar.gz
[2024-04-26 00:01:01] INFO root fetch - processPackages [glpic]: Downloading https://files.pythonhosted.org/packages/0e/e9/c660a22c6ac2a2b5375db3c4b3e6cf85c03596567d7c65a6600a5e123317/glpic-99.0.202404252110.tar.gz
[2024-04-26 00:01:01] INFO root fetch - processPackages [eqsolver]: executing diffoscope
[2024-04-26 00:01:01] INFO root fetch - processPackages [eqsolver]: podman run --user 0:0 --rm -w /home/abi/fetcher -v /home/abi/fetcher/tmp:/home/abi/fetcher/tmp:ro -v /home/abi/fetcher/20240426:/home/abi/fetcher/20240426:rw registry.salsa.debian.org/reproducible-builds/diffoscope --no-progress tmp/eqsolver-0.1.0.tar.gz tmp/eqsolver-0.2.0-py3-none-any.whl.zip --markdown 20240426/e/eqsolver/0.1.0-0.2.0/README.md --exclude *.pyd
[2024-04-26 00:01:01] INFO root fetch - processPackages [athena-intelligence]: executing diffoscope
[2024-04-26 00:01:01] INFO root fetch - processPackages [athena-intelligence]: podman run --user 0:0 --rm -w /home/abi/fetcher -v /home/abi/fetcher/tmp:/home/abi/fetcher/tmp:ro -v /home/abi/fetcher/20240426:/home/abi/fetcher/20240426:rw registry.salsa.debian.org/reproducible-builds/diffoscope --no-progress tmp/athena_intelligence-0.1.52.tar.gz tmp/athena_intelligence-0.1.53.tar.gz --markdown 20240426/a/athena-intelligence/0.1.52-0.1.53/README.md --exclude *.pyd
[2024-04-26 00:01:01] INFO root fetch - processPackages [glpic]: executing diffoscope
[2024-04-26 00:01:01] INFO root fetch - processPackages [glpic]: podman run --user 0:0 --rm -w /home/abi/fetcher -v /home/abi/fetcher/tmp:/home/abi/fetcher/tmp:ro -v /home/abi/fetcher/20240426:/home/abi/fetcher/20240426:rw registry.salsa.debian.org/reproducible-builds/diffoscope --no-progress tmp/glpic-99.0.202404252106.tar.gz tmp/glpic-99.0.202404252110.tar.gz --markdown 20240426/g/glpic/99.0.202404252106-99.0.202404252110/README.md --exclude *.pyd
[2024-04-26 00:01:01] INFO root fetch - processPackages [stardist]: Downloading https://files.pythonhosted.org/packages/1f/99/f1d73061a663bfa66d92fcf6d4d696cc1a64a5d23be8f8667aecbe2490fe/stardist-0.9.1.tar.gz
[2024-04-26 00:01:01] INFO root fetch - processPackages [pykickstart]: Downloading https://files.pythonhosted.org/packages/09/6e/496644854ddb2fe1385ab64538b33af9daa3902a5748e0266e5dc6387c30/pykickstart-3.7.tar.gz
[2024-04-26 00:01:01] INFO root fetch - processPackages [tecton]: Downloading https://files.pythonhosted.org/packages/0e/50/41f7a143a330546c34da5bb1444a41303a7c23f7b6f3b04c179781666859/tecton-0.9.1.tar.gz
[2024-04-26 00:01:01] INFO root fetch - processPackages [stardist]: executing diffoscope
[2024-04-26 00:01:01] INFO root fetch - processPackages [stardist]: podman run --user 0:0 --rm -w /home/abi/fetcher -v /home/abi/fetcher/tmp:/home/abi/fetcher/tmp:ro -v /home/abi/fetcher/20240426:/home/abi/fetcher/20240426:rw registry.salsa.debian.org/reproducible-builds/diffoscope --no-progress tmp/stardist-0.9.0.tar.gz tmp/stardist-0.9.1.tar.gz --markdown 20240426/s/stardist/0.9.0-0.9.1/README.md --exclude *.pyd
[2024-04-26 00:01:01] INFO root fetch - processPackages [pykickstart]: executing diffoscope
[2024-04-26 00:01:01] INFO root fetch - processPackages [pykickstart]: podman run --user 0:0 --rm -w /home/abi/fetcher -v /home/abi/fetcher/tmp:/home/abi/fetcher/tmp:ro -v /home/abi/fetcher/20240426:/home/abi/fetcher/20240426:rw registry.salsa.debian.org/reproducible-builds/diffoscope --no-progress tmp/pykickstart-3.54.tar.gz tmp/pykickstart-3.7.tar.gz --markdown 20240426/p/pykickstart/3.54-3.7/README.md --exclude *.pyd
[2024-04-26 00:01:02] INFO root fetch - processPackages [tecton]: executing diffoscope
[2024-04-26 00:01:02] INFO root fetch - processPackages [tecton]: podman run --user 0:0 --rm -w /home/abi/fetcher -v /home/abi/fetcher/tmp:/home/abi/fetcher/tmp:ro -v /home/abi/fetcher/20240426:/home/abi/fetcher/20240426:rw registry.salsa.debian.org/reproducible-builds/diffoscope --no-progress tmp/tecton-0.9.0rc4.tar.gz tmp/tecton-0.9.1.tar.gz --markdown 20240426/t/tecton/0.9.0rc4-0.9.1/README.md --exclude *.pyd
[2024-04-26 00:01:02] INFO root fetch - processPackages [glpic]: Remove: archive file [/home/abi/fetcher/tmp/glpic-99.0.202404252106.tar.gz]
[2024-04-26 00:01:02] INFO root fetch - processPackages [glpic]: Remove: archive file [/home/abi/fetcher/tmp/glpic-99.0.202404252110.tar.gz]
[2024-04-26 00:01:02] INFO root fetch - main [MainThread]: End processing [glpic]: success
[2024-04-26 00:01:02] INFO root fetch - processPackages [eqsolver]: Remove: archive file [/home/abi/fetcher/tmp/eqsolver-0.1.0.tar.gz]
[2024-04-26 00:01:02] INFO root fetch - processPackages [eqsolver]: Remove: archive file [/home/abi/fetcher/tmp/eqsolver-0.2.0-py3-none-any.whl.zip]
[2024-04-26 00:01:02] INFO root fetch - main [MainThread]: End processing [eqsolver]: success
[2024-04-26 00:01:02] INFO root fetch - processPackages [athena-intelligence]: Remove: archive file [/home/abi/fetcher/tmp/athena_intelligence-0.1.52.tar.gz]
[2024-04-26 00:01:02] INFO root fetch - processPackages [athena-intelligence]: Remove: archive file [/home/abi/fetcher/tmp/athena_intelligence-0.1.53.tar.gz]
[2024-04-26 00:01:02] INFO root fetch - main [MainThread]: End processing [athena-intelligence]: success
[2024-04-26 00:01:03] INFO root fetch - processPackages [stardist]: Remove: archive file [/home/abi/fetcher/tmp/stardist-0.9.0.tar.gz]
[2024-04-26 00:01:03] INFO root fetch - processPackages [stardist]: Remove: archive file [/home/abi/fetcher/tmp/stardist-0.9.1.tar.gz]
[2024-04-26 00:01:03] INFO root fetch - main [MainThread]: End processing [stardist]: success
[2024-04-26 00:01:05] INFO root fetch - processPackages [tecton]: Remove: archive file [/home/abi/fetcher/tmp/tecton-0.9.0rc4.tar.gz]
[2024-04-26 00:01:05] INFO root fetch - processPackages [tecton]: Remove: archive file [/home/abi/fetcher/tmp/tecton-0.9.1.tar.gz]
[2024-04-26 00:01:05] INFO root fetch - main [MainThread]: End processing [tecton]: success
[2024-04-26 00:01:06] INFO root fetch - processPackages [pykickstart]: Remove: archive file [/home/abi/fetcher/tmp/pykickstart-3.54.tar.gz]
[2024-04-26 00:01:06] INFO root fetch - processPackages [pykickstart]: Remove: archive file [/home/abi/fetcher/tmp/pykickstart-3.7.tar.gz]
[2024-04-26 00:01:06] INFO root fetch - main [MainThread]: End processing [pykickstart]: success
[2024-04-26 00:01:06] INFO root fetch - main [MainThread]: Store serial: [22938845]
[2024-04-26 00:03:10] INFO root fetch - main [MainThread]: Get Changelog since Serial: [22938845]
[2024-04-26 00:03:14] INFO root fetch - main [MainThread]: Found 4 changed packages
[2024-04-26 00:03:14] INFO root fetch - processPackages [ThreadPoolExecutor-0_0]: Start processing: dbt-oracle
[2024-04-26 00:03:14] INFO root fetch - processPackages [ThreadPoolExecutor-0_1]: Start processing: jupyter-ai
[2024-04-26 00:03:14] INFO root fetch - processPackages [ThreadPoolExecutor-0_2]: Start processing: jupyter-ai-magics
[2024-04-26 00:03:14] INFO root fetch - processPackages [ThreadPoolExecutor-0_3]: Start processing: esinet
[2024-04-26 00:03:14] INFO root fetch - processPackages [jupyter-ai]: New version: [2.9.1] Old Version: [2.9.0]
[2024-04-26 00:03:14] INFO root fetch - processPackages [jupyter-ai-magics]: New version: [2.9.1] Old Version: [2.9.0]
[2024-04-26 00:03:15] INFO root fetch - processPackages [jupyter-ai]: Downloading https://files.pythonhosted.org/packages/37/82/310f93972ebcfed1716a151e1517e7a2d0448e677a2f5f0b18ab72578264/jupyter_ai-2.9.0.tar.gz
[2024-04-26 00:03:15] INFO root fetch - processPackages [esinet]: New version: [0.3.0] Old Version: [0.2.5]
[2024-04-26 00:03:15] INFO root fetch - processPackages [jupyter-ai-magics]: Downloading https://files.pythonhosted.org/packages/5c/82/b9fec8e8bd26f144f73e0ea913306dad065a83c874392cd805e42314c96b/jupyter_ai_magics-2.9.0.tar.gz
[2024-04-26 00:03:15] INFO root fetch - processPackages [dbt-oracle]: New version: [1.7.5rc1] Old Version: [1.7.4rc1]
[2024-04-26 00:03:15] INFO root fetch - processPackages [jupyter-ai-magics]: Downloading https://files.pythonhosted.org/packages/92/e2/cff5a094dc2175fc664fe31c75325663f93e19ab059ec133fb99c706ec40/jupyter_ai_magics-2.9.1.tar.gz
[2024-04-26 00:03:15] INFO root fetch - processPackages [dbt-oracle]: Downloading https://files.pythonhosted.org/packages/56/4a/79897d90a14470f01c0cde10878e29e1f6ff7f7d5cf173c24b2a9faa06b7/dbt_oracle-1.7.4rc1.tar.gz
[2024-04-26 00:03:15] INFO root fetch - processPackages [esinet]: Downloading https://files.pythonhosted.org/packages/9e/26/a6f62f986feb5baece2242d91f413160fb69bf2283c30ae3cb4fc2b15af2/esinet-0.2.5-py3-none-any.whl
[2024-04-26 00:03:15] INFO root fetch - processPackages [jupyter-ai-magics]: executing diffoscope
[2024-04-26 00:03:15] INFO root fetch - processPackages [jupyter-ai-magics]: podman run --user 0:0 --rm -w /home/abi/fetcher -v /home/abi/fetcher/tmp:/home/abi/fetcher/tmp:ro -v /home/abi/fetcher/20240426:/home/abi/fetcher/20240426:rw registry.salsa.debian.org/reproducible-builds/diffoscope --no-progress tmp/jupyter_ai_magics-2.9.0.tar.gz tmp/jupyter_ai_magics-2.9.1.tar.gz --markdown 20240426/j/jupyter-ai-magics/2.9.0-2.9.1/README.md --exclude *.pyd
[2024-04-26 00:03:15] INFO root fetch - processPackages [jupyter-ai]: Downloading https://files.pythonhosted.org/packages/f3/e8/d74488780293d9f34a193447c002a290122ea69a64176d351e2a3f36e1b6/jupyter_ai-2.9.1.tar.gz
[2024-04-26 00:03:15] INFO root fetch - processPackages [jupyter-ai]: executing diffoscope
[2024-04-26 00:03:15] INFO root fetch - processPackages [jupyter-ai]: podman run --user 0:0 --rm -w /home/abi/fetcher -v /home/abi/fetcher/tmp:/home/abi/fetcher/tmp:ro -v /home/abi/fetcher/20240426:/home/abi/fetcher/20240426:rw registry.salsa.debian.org/reproducible-builds/diffoscope --no-progress tmp/jupyter_ai-2.9.0.tar.gz tmp/jupyter_ai-2.9.1.tar.gz --markdown 20240426/j/jupyter-ai/2.9.0-2.9.1/README.md --exclude *.pyd
[2024-04-26 00:03:15] INFO root fetch - processPackages [dbt-oracle]: Downloading https://files.pythonhosted.org/packages/dd/71/9381ec35ac4666e115341ef77e21db4fbe946ef64916273e111663674bf7/dbt_oracle-1.7.5rc1.tar.gz
[2024-04-26 00:03:15] INFO root fetch - processPackages [esinet]: Downloading https://files.pythonhosted.org/packages/5f/4a/adfbd2a39d895ed385fba57d02be81742aff304a2b4d61f74f8118ec4891/esinet-0.3.0-py3-none-any.whl
[2024-04-26 00:03:15] INFO root fetch - processPackages [esinet]: executing diffoscope
[2024-04-26 00:03:15] INFO root fetch - processPackages [esinet]: podman run --user 0:0 --rm -w /home/abi/fetcher -v /home/abi/fetcher/tmp:/home/abi/fetcher/tmp:ro -v /home/abi/fetcher/20240426:/home/abi/fetcher/20240426:rw registry.salsa.debian.org/reproducible-builds/diffoscope --no-progress tmp/esinet-0.2.5-py3-none-any.whl.zip tmp/esinet-0.3.0-py3-none-any.whl.zip --markdown 20240426/e/esinet/0.2.5-0.3.0/README.md --exclude *.pyd
[2024-04-26 00:03:15] INFO root fetch - processPackages [dbt-oracle]: executing diffoscope
[2024-04-26 00:03:15] INFO root fetch - processPackages [dbt-oracle]: podman run --user 0:0 --rm -w /home/abi/fetcher -v /home/abi/fetcher/tmp:/home/abi/fetcher/tmp:ro -v /home/abi/fetcher/20240426:/home/abi/fetcher/20240426:rw registry.salsa.debian.org/reproducible-builds/diffoscope --no-progress tmp/dbt_oracle-1.7.4rc1.tar.gz tmp/dbt_oracle-1.7.5rc1.tar.gz --markdown 20240426/d/dbt-oracle/1.7.4rc1-1.7.5rc1/README.md --exclude *.pyd
[2024-04-26 00:03:16] INFO root fetch - processPackages [jupyter-ai-magics]: Remove: archive file [/home/abi/fetcher/tmp/jupyter_ai_magics-2.9.0.tar.gz]
[2024-04-26 00:03:16] INFO root fetch - processPackages [jupyter-ai-magics]: Remove: archive file [/home/abi/fetcher/tmp/jupyter_ai_magics-2.9.1.tar.gz]
[2024-04-26 00:03:16] INFO root fetch - main [MainThread]: End processing [jupyter-ai-magics]: success
[2024-04-26 00:03:16] INFO root fetch - processPackages [esinet]: Remove: archive file [/home/abi/fetcher/tmp/esinet-0.2.5-py3-none-any.whl.zip]
[2024-04-26 00:03:16] INFO root fetch - processPackages [esinet]: Remove: archive file [/home/abi/fetcher/tmp/esinet-0.3.0-py3-none-any.whl.zip]
[2024-04-26 00:03:16] INFO root fetch - main [MainThread]: End processing [esinet]: success
[2024-04-26 00:03:16] INFO root fetch - processPackages [dbt-oracle]: Remove: archive file [/home/abi/fetcher/tmp/dbt_oracle-1.7.4rc1.tar.gz]
[2024-04-26 00:03:16] INFO root fetch - processPackages [dbt-oracle]: Remove: archive file [/home/abi/fetcher/tmp/dbt_oracle-1.7.5rc1.tar.gz]
[2024-04-26 00:03:16] INFO root fetch - main [MainThread]: End processing [dbt-oracle]: success
[2024-04-26 00:03:17] INFO root fetch - processPackages [jupyter-ai]: Remove: archive file [/home/abi/fetcher/tmp/jupyter_ai-2.9.0.tar.gz]
[2024-04-26 00:03:17] INFO root fetch - processPackages [jupyter-ai]: Remove: archive file [/home/abi/fetcher/tmp/jupyter_ai-2.9.1.tar.gz]
[2024-04-26 00:03:17] INFO root fetch - main [MainThread]: End processing [jupyter-ai]: success
[2024-04-26 00:03:17] INFO root fetch - main [MainThread]: Store serial: [22938858]
[2024-04-26 00:05:21] INFO root fetch - main [MainThread]: Get Changelog since Serial: [22938858]
[2024-04-26 00:05:25] INFO root fetch - main [MainThread]: Found 4 changed packages
[2024-04-26 00:05:25] INFO root fetch - processPackages [ThreadPoolExecutor-0_0]: Start processing: felicien
[2024-04-26 00:05:25] INFO root fetch - processPackages [ThreadPoolExecutor-0_1]: Start processing: lilyponddist
[2024-04-26 00:05:25] INFO root fetch - processPackages [ThreadPoolExecutor-0_2]: Start processing: devioc
[2024-04-26 00:05:25] INFO root fetch - processPackages [ThreadPoolExecutor-0_3]: Start processing: medor
[2024-04-26 00:05:26] INFO root fetch - processPackages [devioc]: New version: [2024.1.3] Old Version: [2024.1.2]
[2024-04-26 00:05:26] INFO root fetch - processPackages [felicien]: New version: [0.4.0] Old Version: [0.3.0]
[2024-04-26 00:05:26] INFO root fetch - processPackages [lilyponddist]: New version: [1.0.0] Old Version: [0.7.1]
[2024-04-26 00:05:26] INFO root fetch - processPackages [medor]: New version: [0.0.1b9] Old Version: [0.0.1b8]
[2024-04-26 00:05:26] INFO root fetch - processPackages [felicien]: Downloading https://files.pythonhosted.org/packages/64/8e/b9ea75965481fb397aa58d5c004eb2dd63e4290a2fd901e14939aae6df9c/felicien-0.3.0.tar.gz
[2024-04-26 00:05:26] INFO root fetch - processPackages [devioc]: Downloading https://files.pythonhosted.org/packages/0d/4e/319200f921419cb2887459b927bd2f2bc3ff273a377748b67e607518135e/devioc-2024.1.2.tar.gz
[2024-04-26 00:05:26] INFO root fetch - processPackages [lilyponddist]: Downloading https://files.pythonhosted.org/packages/af/5b/486c45f63b5c89269d728cba49c766cdd57843747193b7d5c74c825e1da7/lilyponddist-0.7.1-py3-none-any.whl
[2024-04-26 00:05:26] INFO root fetch - processPackages [medor]: Downloading https://files.pythonhosted.org/packages/4d/e3/55029a706e6b71bf0a7bd5427b4f560e33abc71f918f09f32bfe38d93928/medor-0.0.1b8.tar.gz
[2024-04-26 00:05:26] WARNING root fetch - processPackages [medor]: Skipping package: exceeds size limit 16721504>=10485760
[2024-04-26 00:05:26] INFO root fetch - main [MainThread]: End processing [medor] error
[2024-04-26 00:05:26] INFO root fetch - processPackages [devioc]: Downloading https://files.pythonhosted.org/packages/73/79/abef529ed59e417b1112d2b1d3dbfe0b2533b5b6385b33aa33ea3652d6c7/devioc-2024.1.3.tar.gz
[2024-04-26 00:05:26] INFO root fetch - processPackages [lilyponddist]: Downloading https://files.pythonhosted.org/packages/2a/39/a5ece4ba17ff2662681bead3f588c548e275343a0c08035026d3bf6ef563/lilyponddist-1.0.0.tar.gz
[2024-04-26 00:05:26] INFO root fetch - processPackages [felicien]: Downloading https://files.pythonhosted.org/packages/96/59/9fe327f88dd233e132791917f556d0fbe10cbc138ac2971cfc805a643abe/felicien-0.4.0.tar.gz
[2024-04-26 00:05:26] INFO root fetch - processPackages [devioc]: executing diffoscope
[2024-04-26 00:05:26] INFO root fetch - processPackages [devioc]: podman run --user 0:0 --rm -w /home/abi/fetcher -v /home/abi/fetcher/tmp:/home/abi/fetcher/tmp:ro -v /home/abi/fetcher/20240426:/home/abi/fetcher/20240426:rw registry.salsa.debian.org/reproducible-builds/diffoscope --no-progress tmp/devioc-2024.1.2.tar.gz tmp/devioc-2024.1.3.tar.gz --markdown 20240426/d/devioc/2024.1.2-2024.1.3/README.md --exclude *.pyd
[2024-04-26 00:05:26] INFO root fetch - processPackages [lilyponddist]: executing diffoscope
[2024-04-26 00:05:26] INFO root fetch - processPackages [lilyponddist]: podman run --user 0:0 --rm -w /home/abi/fetcher -v /home/abi/fetcher/tmp:/home/abi/fetcher/tmp:ro -v /home/abi/fetcher/20240426:/home/abi/fetcher/20240426:rw registry.salsa.debian.org/reproducible-builds/diffoscope --no-progress tmp/lilyponddist-0.7.1-py3-none-any.whl.zip tmp/lilyponddist-1.0.0.tar.gz --markdown 20240426/l/lilyponddist/0.7.1-1.0.0/README.md --exclude *.pyd
[2024-04-26 00:05:26] INFO root fetch - processPackages [felicien]: executing diffoscope
[2024-04-26 00:05:26] INFO root fetch - processPackages [felicien]: podman run --user 0:0 --rm -w /home/abi/fetcher -v /home/abi/fetcher/tmp:/home/abi/fetcher/tmp:ro -v /home/abi/fetcher/20240426:/home/abi/fetcher/20240426:rw registry.salsa.debian.org/reproducible-builds/diffoscope --no-progress tmp/felicien-0.3.0.tar.gz tmp/felicien-0.4.0.tar.gz --markdown 20240426/f/felicien/0.3.0-0.4.0/README.md --exclude *.pyd
[2024-04-26 00:05:27] INFO root fetch - processPackages [felicien]: Remove: archive file [/home/abi/fetcher/tmp/felicien-0.3.0.tar.gz]
[2024-04-26 00:05:27] INFO root fetch - processPackages [felicien]: Remove: archive file [/home/abi/fetcher/tmp/felicien-0.4.0.tar.gz]
[2024-04-26 00:05:27] INFO root fetch - main [MainThread]: End processing [felicien]: success
[2024-04-26 00:05:27] INFO root fetch - processPackages [devioc]: Remove: archive file [/home/abi/fetcher/tmp/devioc-2024.1.2.tar.gz]
[2024-04-26 00:05:27] INFO root fetch - processPackages [devioc]: Remove: archive file [/home/abi/fetcher/tmp/devioc-2024.1.3.tar.gz]
[2024-04-26 00:05:27] INFO root fetch - main [MainThread]: End processing [devioc]: success
[2024-04-26 00:05:27] INFO root fetch - processPackages [lilyponddist]: Remove: archive file [/home/abi/fetcher/tmp/lilyponddist-0.7.1-py3-none-any.whl.zip]
[2024-04-26 00:05:27] INFO root fetch - processPackages [lilyponddist]: Remove: archive file [/home/abi/fetcher/tmp/lilyponddist-1.0.0.tar.gz]
[2024-04-26 00:05:27] INFO root fetch - main [MainThread]: End processing [lilyponddist]: success
[2024-04-26 00:05:27] INFO root fetch - main [MainThread]: Store serial: [22938872]
